Number of Neighbours:  1
Accuracy:  0.8458904109589042
Female Accuracy:  0.8767123287671232
Male Accuracy:  0.815068493150685
Number of Neighbours:  3
Accuracy:  0.8938356164383562
Female Accuracy:  0.9383561643835616
Male Accuracy:  0.8493150684931506
Number of Neighbours:  5
Accuracy:  0.910958904109589
Female Accuracy:  0.958904109589041
Male Accuracy:  0.863013698630137
Number of Neighbours:  7
Accuracy:  0.934931506849315
Female Accuracy:  0.958904109589041
Male Accuracy:  0.910958904109589
Number of Neighbours:  9
Accuracy:  0.9315068493150684
Female Accuracy:  0.958904109589041
Male Accuracy:  0.9041095890410958
Number of Neighbours:  11
Accuracy:  0.952054794520548
Female Accuracy:  0.9657534246575342
Male Accuracy:  0.9383561643835616
Number of Neighbours:  13
Accuracy:  0.9452054794520548
Female Accuracy:  0.9657534246575342
Male Accuracy:  0.9246575342465754
Number of Neighbours:  15
Accuracy:  0.9486301369863014
Female Accuracy:  0.9657534246575342
Male Accuracy:  0.9315068493150684
Number of Neighbours:  17
Accuracy:  0.9554794520547946
Female Accuracy:  0.9657534246575342
Male Accuracy:  0.9452054794520548
Number of Neighbours:  19
Accuracy:  0.9554794520547946
Female Accuracy:  0.9726027397260274
Male Accuracy:  0.9383561643835616
Number of Neighbours:  21
Accuracy:  0.958904109589041
Female Accuracy:  0.9726027397260274
Male Accuracy:  0.9452054794520548
Number of Neighbours:  23
Accuracy:  0.958904109589041
Female Accuracy:  0.9726027397260274
Male Accuracy:  0.9452054794520548
Number of Neighbours:  25
Accuracy:  0.958904109589041
Female Accuracy:  0.9726027397260274
Male Accuracy:  0.9452054794520548
Number of Neighbours:  27
Accuracy:  0.9554794520547946
Female Accuracy:  0.9726027397260274
Male Accuracy:  0.9383561643835616
Number of Neighbours:  29
Accuracy:  0.9554794520547946
Female Accuracy:  0.9726027397260274
Male Accuracy:  0.9383561643835616
Number of Neighbours:  31
Accuracy:  0.958904109589041
Female Accuracy:  0.9726027397260274
Male Accuracy:  0.9452054794520548
Number of Neighbours:  33
Accuracy:  0.9554794520547946
Female Accuracy:  0.9726027397260274
Male Accuracy:  0.9383561643835616
Number of Neighbours:  35
Accuracy:  0.9657534246575342
Female Accuracy:  0.9726027397260274
Male Accuracy:  0.958904109589041
Number of Neighbours:  37
Accuracy:  0.9657534246575342
Female Accuracy:  0.9726027397260274
Male Accuracy:  0.958904109589041
Number of Neighbours:  39
Accuracy:  0.9691780821917808
Female Accuracy:  0.9726027397260274
Male Accuracy:  0.9657534246575342
Number of Neighbours:  41
Accuracy:  0.9726027397260274
Female Accuracy:  0.9726027397260274
Male Accuracy:  0.9726027397260274
Number of Neighbours:  43
Accuracy:  0.976027397260274
Female Accuracy:  0.9726027397260274
Male Accuracy:  0.9794520547945206
Number of Neighbours:  45
Accuracy:  0.9828767123287672
Female Accuracy:  0.9726027397260274
Male Accuracy:  0.9931506849315068
Number of Neighbours:  47
Accuracy:  0.9897260273972602
Female Accuracy:  0.9794520547945206
Male Accuracy:  1.0
Number of Neighbours:  49
Accuracy:  0.9863013698630136
Female Accuracy:  0.9794520547945206
Male Accuracy:  0.9931506849315068
Number of Neighbours:  51
Accuracy:  0.9863013698630136
Female Accuracy:  0.9794520547945206
Male Accuracy:  0.9931506849315068
Number of Neighbours:  53
Accuracy:  0.9897260273972602
Female Accuracy:  0.9794520547945206
Male Accuracy:  1.0
Number of Neighbours:  55
Accuracy:  0.9897260273972602
Female Accuracy:  0.9794520547945206
Male Accuracy:  1.0
Number of Neighbours:  57
Accuracy:  0.9897260273972602
Female Accuracy:  0.9794520547945206
Male Accuracy:  1.0
Number of Neighbours:  59
Accuracy:  0.9897260273972602
Female Accuracy:  0.9794520547945206
Male Accuracy:  1.0
Number of Neighbours:  61
Accuracy:  0.9897260273972602
Female Accuracy:  0.9794520547945206
Male Accuracy:  1.0
Number of Neighbours:  63
Accuracy:  0.9931506849315068
Female Accuracy:  0.9863013698630136
Male Accuracy:  1.0
Number of Neighbours:  65
Accuracy:  0.9931506849315068
Female Accuracy:  0.9863013698630136
Male Accuracy:  1.0
Number of Neighbours:  67
Accuracy:  0.9931506849315068
Female Accuracy:  0.9863013698630136
Male Accuracy:  1.0
Number of Neighbours:  69
Accuracy:  0.9931506849315068
Female Accuracy:  0.9863013698630136
Male Accuracy:  1.0
Number of Neighbours:  71
Accuracy:  0.9931506849315068
Female Accuracy:  0.9863013698630136
Male Accuracy:  1.0
Number of Neighbours:  73
Accuracy:  0.9931506849315068
Female Accuracy:  0.9863013698630136
Male Accuracy:  1.0
Number of Neighbours:  75
Accuracy:  0.9931506849315068
Female Accuracy:  0.9863013698630136
Male Accuracy:  1.0
Number of Neighbours:  77
Accuracy:  0.9965753424657534
Female Accuracy:  0.9931506849315068
Male Accuracy:  1.0
Number of Neighbours:  79
Accuracy:  0.9965753424657534
Female Accuracy:  0.9931506849315068
Male Accuracy:  1.0
Number of Neighbours:  81
Accuracy:  0.9965753424657534
Female Accuracy:  0.9931506849315068
Male Accuracy:  1.0
Number of Neighbours:  83
Accuracy:  0.9965753424657534
Female Accuracy:  0.9931506849315068
Male Accuracy:  1.0
Number of Neighbours:  85
Accuracy:  0.9965753424657534
Female Accuracy:  0.9931506849315068
Male Accuracy:  1.0
Number of Neighbours:  87
Accuracy:  0.9965753424657534
Female Accuracy:  0.9931506849315068
Male Accuracy:  1.0
Number of Neighbours:  89
Accuracy:  0.9965753424657534
Female Accuracy:  0.9931506849315068
Male Accuracy:  1.0
Number of Neighbours:  91
Accuracy:  0.9931506849315068
Female Accuracy:  0.9863013698630136
Male Accuracy:  1.0
Number of Neighbours:  93
Accuracy:  0.9931506849315068
Female Accuracy:  0.9863013698630136
Male Accuracy:  1.0
Number of Neighbours:  95
Accuracy:  0.9965753424657534
Female Accuracy:  0.9931506849315068
Male Accuracy:  1.0
Number of Neighbours:  97
Accuracy:  0.9931506849315068
Female Accuracy:  0.9863013698630136
Male Accuracy:  1.0
Number of Neighbours:  99
Accuracy:  0.9931506849315068
Female Accuracy:  0.9863013698630136
Male Accuracy:  1.0